
                                      ARENA Simulation Results
                                  Shashank Sundi - License: STUDENT

                                  Summary for Replication 1 of 5

Project: License Plate Issuing                                       Run execution date : 2/ 1/2022
Analyst: Shashank Sundi                                              Model revision date: 2/ 1/2022

Replication ended at time      : 5000.0 Minutes (Friday, February 04, 2022, 22:49:06)
Base Time Units: Minutes

                                           TALLY VARIABLES

Identifier                                  Average   Half Width  Minimum    Maximum   Observations
___________________________________________________________________________________________________

Form Processing and Payment to Clerk1.VATi  8.9873     .02810     8.0028     9.9973       1545    
Form Checking and Plate Issuing by Clerk4.  2.9884     .01099     2.6504     3.3297       1543    
Form Checking and Plate Issuing by Clerk4.  .00000     .00000     .00000     .00000       1543    
Average Time Taken by a Customer            3.2350     (Corr)     2.6504     21.521       1542    
Form Processing and Payment to Clerk1.Wait  .00000     .00000     .00000     .00000       1545    
Form Checking and Plate Issuing by Clerk4.  2.9884     .01099     2.6504     3.3297       1543    
Form Processing and Payment to Clerk1.Tota  8.9873     .02810     8.0028     9.9973       1545    
Customer Type 1.VATime                      12.001     .04692     10.725     13.240        529    
Customer Type 1.NVATime                     .00000     .00000     .00000     .00000        529    
Customer Type 1.WaitTime                    18.896     (Corr)     .00000     58.654        529    
Customer Type 1.TranTime                    .00000     .00000     .00000     .00000        529    
Customer Type 1.OtherTime                   .00000     .00000     .00000     .00000        529    
Customer Type 1.TotalTime                   30.898     (Corr)     10.964     70.074        529    
Customer Type 3.VATime                      11.951     .04773     10.769     13.301        523    
Customer Type 3.NVATime                     .00000     .00000     .00000     .00000        523    
Customer Type 3.WaitTime                    19.644     (Corr)     .00000     57.899        523    
Customer Type 3.TranTime                    .00000     .00000     .00000     .00000        523    
Customer Type 3.OtherTime                   .00000     .00000     .00000     .00000        523    
Customer Type 3.TotalTime                   31.595     (Corr)     10.821     69.342        523    
Customer Type 2.VATime                      11.977     .04605     10.773     13.318        491    
Customer Type 2.NVATime                     .00000     .00000     .00000     .00000        491    
Customer Type 2.WaitTime                    18.387     (Corr)     .00000     58.632        491    
Customer Type 2.TranTime                    .00000     .00000     .00000     .00000        491    
Customer Type 2.OtherTime                   .00000     .00000     .00000     .00000        491    
Customer Type 2.TotalTime                   30.364     (Corr)     10.972     71.565        491    
Form Checking and Plate Issuing by Clerk4.  .00000     .00000     .00000     .00000       1544    
Queue 2.Queue.WaitingTime                   2.4887     (Corr)     .00000     11.441       1544    
Queue 1.Queue.WaitingTime                   16.517     (Corr)     .00000     58.103       1548    
Form Processing and Payment to Clerk1.Queu  .00000     .00000     .00000     .00000       1548    

                                     DISCRETE-CHANGE VARIABLES

Identifier                                  Average   Half Width  Minimum    Maximum   Final Value
___________________________________________________________________________________________________

Customer Type 1.WIP                         3.2698     (Corr)     .00000     10.000     1.0000    
Customer Type 3.WIP                         3.3191     (Corr)     .00000     13.000     5.0000    
Customer Type 2.WIP                         3.0038     (Corr)     .00000     11.000     4.0000    
Clerk 4.NumberBusy                          .92227     (Corr)     .00000     1.0000     1.0000    
Clerk 4.NumberScheduled                     1.0000     (Insuf)    1.0000     1.0000     1.0000    
Clerk 4.Utilization                         .92227     (Corr)     .00000     1.0000     1.0000    
Clerk 1.NumberBusy                          .95003     (Insuf)    .00000     1.0000     1.0000    
Clerk 1.NumberScheduled                     1.0000     (Insuf)    1.0000     1.0000     1.0000    
Clerk 1.Utilization                         .95003     (Insuf)    .00000     1.0000     1.0000    
Clerk 2.NumberBusy                          .93341     (Insuf)    .00000     1.0000     1.0000    
Clerk 2.NumberScheduled                     1.0000     (Insuf)    1.0000     1.0000     1.0000    
Clerk 2.Utilization                         .93341     (Insuf)    .00000     1.0000     1.0000    
Clerk 3.NumberBusy                          .89532     (Insuf)    .00000     1.0000     1.0000    
Clerk 3.NumberScheduled                     1.0000     (Insuf)    1.0000     1.0000     1.0000    
Clerk 3.Utilization                         .89532     (Insuf)    .00000     1.0000     1.0000    
Form Checking and Plate Issuing by Clerk4.  .00000     (Insuf)    .00000     .00000     .00000    
Queue 2.Queue.NumberInQueue                 .76893     (Corr)     .00000     4.0000     1.0000    
Queue 1.Queue.NumberInQueue                 5.1228     (Corr)     .00000     20.000     5.0000    
Form Processing and Payment to Clerk1.Queu  .00000     (Insuf)    .00000     .00000     .00000    

                                             OUTPUTS

Identifier                                   Value
_____________________________________________________________

Form Processing and Payment to Clerk1 Numb  1545.0    
Form Processing and Payment to Clerk1 Numb  1548.0    
Form Checking and Plate Issuing by Clerk4   4611.1    
Form Checking and Plate Issuing by Clerk4   .00000    
Form Processing and Payment to Clerk1 Accu  .00000    
Form Processing and Payment to Clerk1 Accu  13885.    
Form Checking and Plate Issuing by Clerk4   1544.0    
Form Checking and Plate Issuing by Clerk4   1543.0    
Customer Type 1.NumberIn                    530.00    
Customer Type 1.NumberOut                   529.00    
Customer Type 3.NumberIn                    528.00    
Customer Type 3.NumberOut                   523.00    
Customer Type 2.NumberIn                    495.00    
Customer Type 2.NumberOut                   491.00    
Clerk 4.NumberSeized                        1544.0    
Clerk 4.ScheduledUtilization                .92227    
Clerk 1.NumberSeized                        529.00    
Clerk 1.ScheduledUtilization                .95003    
Clerk 2.NumberSeized                        522.00    
Clerk 2.ScheduledUtilization                .93341    
Clerk 3.NumberSeized                        497.00    
Clerk 3.ScheduledUtilization                .89532    
System.NumberOut                            1543.0    

Beginning replication 2 of 5

                                      ARENA Simulation Results
                                  Shashank Sundi - License: STUDENT

                                  Summary for Replication 2 of 5

Project: License Plate Issuing                                       Run execution date : 2/ 1/2022
Analyst: Shashank Sundi                                              Model revision date: 2/ 1/2022

Replication ended at time      : 5000.0 Minutes (Friday, February 04, 2022, 22:49:06)
Base Time Units: Minutes

                                           TALLY VARIABLES

Identifier                                  Average   Half Width  Minimum    Maximum   Observations
___________________________________________________________________________________________________

Form Processing and Payment to Clerk1.VATi  9.0188     .02832     8.0001     9.9991       1487    
Form Checking and Plate Issuing by Clerk4.  2.9785     .00974     2.6507     3.3297       1486    
Form Checking and Plate Issuing by Clerk4.  .00000     .00000     .00000     .00000       1486    
Average Time Taken by a Customer            3.3578     .15710     2.6507     20.309       1485    
Form Processing and Payment to Clerk1.Wait  .00000     .00000     .00000     .00000       1487    
Form Checking and Plate Issuing by Clerk4.  2.9785     .00974     2.6507     3.3297       1486    
Form Processing and Payment to Clerk1.Tota  9.0188     .02832     8.0001     9.9991       1487    
Customer Type 1.VATime                      11.980     .05361     10.702     13.213        440    
Customer Type 1.NVATime                     .00000     .00000     .00000     .00000        440    
Customer Type 1.WaitTime                    12.433     3.8461     .00000     55.917        440    
Customer Type 1.TranTime                    .00000     .00000     .00000     .00000        440    
Customer Type 1.OtherTime                   .00000     .00000     .00000     .00000        440    
Customer Type 1.TotalTime                   24.413     3.8281     10.728     67.684        440    
Customer Type 3.VATime                      11.986     .05755     10.731     13.258        497    
Customer Type 3.NVATime                     .00000     .00000     .00000     .00000        497    
Customer Type 3.WaitTime                    12.202     3.0264     .00000     52.572        497    
Customer Type 3.TranTime                    .00000     .00000     .00000     .00000        497    
Customer Type 3.OtherTime                   .00000     .00000     .00000     .00000        497    
Customer Type 3.TotalTime                   24.188     3.0516     10.903     63.462        497    
Customer Type 2.VATime                      12.022     .03836     10.669     13.297        549    
Customer Type 2.NVATime                     .00000     .00000     .00000     .00000        549    
Customer Type 2.WaitTime                    12.147     3.0897     .00000     54.933        549    
Customer Type 2.TranTime                    .00000     .00000     .00000     .00000        549    
Customer Type 2.OtherTime                   .00000     .00000     .00000     .00000        549    
Customer Type 2.TotalTime                   24.170     3.0799     10.669     66.880        549    
Form Checking and Plate Issuing by Clerk4.  .00000     .00000     .00000     .00000       1487    
Queue 2.Queue.WaitingTime                   1.9058     .36863     .00000     7.6195       1487    
Queue 1.Queue.WaitingTime                   10.349     3.4470     .00000     53.711       1490    
Form Processing and Payment to Clerk1.Queu  .00000     .00000     .00000     .00000       1490    

                                     DISCRETE-CHANGE VARIABLES

Identifier                                  Average   Half Width  Minimum    Maximum   Final Value
___________________________________________________________________________________________________

Customer Type 1.WIP                         2.1528     (Corr)     .00000     14.000     2.0000    
Customer Type 3.WIP                         2.4125     .35809     .00000     9.0000     4.0000    
Customer Type 2.WIP                         2.6683     (Corr)     .00000     9.0000     5.0000    
Clerk 4.NumberBusy                          .88553     (Corr)     .00000     1.0000     1.0000    
Clerk 4.NumberScheduled                     1.0000     (Insuf)    1.0000     1.0000     1.0000    
Clerk 4.Utilization                         .88553     (Corr)     .00000     1.0000     1.0000    
Clerk 1.NumberBusy                          .92660     (Insuf)    .00000     1.0000     1.0000    
Clerk 1.NumberScheduled                     1.0000     (Insuf)    1.0000     1.0000     1.0000    
Clerk 1.Utilization                         .92660     (Insuf)    .00000     1.0000     1.0000    
Clerk 2.NumberBusy                          .89614     (Insuf)    .00000     1.0000     1.0000    
Clerk 2.NumberScheduled                     1.0000     (Insuf)    1.0000     1.0000     1.0000    
Clerk 2.Utilization                         .89614     (Insuf)    .00000     1.0000     1.0000    
Clerk 3.NumberBusy                          .86287     (Insuf)    .00000     1.0000     1.0000    
Clerk 3.NumberScheduled                     1.0000     (Insuf)    1.0000     1.0000     1.0000    
Clerk 3.Utilization                         .86287     (Insuf)    .00000     1.0000     1.0000    
Form Checking and Plate Issuing by Clerk4.  .00000     (Insuf)    .00000     .00000     .00000    
Queue 2.Queue.NumberInQueue                 .56681     (Corr)     .00000     3.0000     .00000    
Queue 1.Queue.NumberInQueue                 3.0957     (Corr)     .00000     18.000     7.0000    
Form Processing and Payment to Clerk1.Queu  .00000     (Insuf)    .00000     .00000     .00000    

                                             OUTPUTS

Identifier                                   Value
_____________________________________________________________

Form Processing and Payment to Clerk1 Numb  1487.0    
Form Processing and Payment to Clerk1 Numb  1490.0    
Form Checking and Plate Issuing by Clerk4   4426.1    
Form Checking and Plate Issuing by Clerk4   .00000    
Form Processing and Payment to Clerk1 Accu  .00000    
Form Processing and Payment to Clerk1 Accu  13411.    
Form Checking and Plate Issuing by Clerk4   1487.0    
Form Checking and Plate Issuing by Clerk4   1486.0    
Customer Type 1.NumberIn                    442.00    
Customer Type 1.NumberOut                   440.00    
Customer Type 3.NumberIn                    501.00    
Customer Type 3.NumberOut                   497.00    
Customer Type 2.NumberIn                    554.00    
Customer Type 2.NumberOut                   549.00    
Clerk 4.NumberSeized                        1487.0    
Clerk 4.ScheduledUtilization                .88553    
Clerk 1.NumberSeized                        513.00    
Clerk 1.ScheduledUtilization                .92660    
Clerk 2.NumberSeized                        498.00    
Clerk 2.ScheduledUtilization                .89614    
Clerk 3.NumberSeized                        479.00    
Clerk 3.ScheduledUtilization                .86287    
System.NumberOut                            1486.0    

Beginning replication 3 of 5

                                      ARENA Simulation Results
                                  Shashank Sundi - License: STUDENT

                                  Summary for Replication 3 of 5

Project: License Plate Issuing                                       Run execution date : 2/ 1/2022
Analyst: Shashank Sundi                                              Model revision date: 2/ 1/2022

Replication ended at time      : 5000.0 Minutes (Friday, February 04, 2022, 22:49:06)
Base Time Units: Minutes

                                           TALLY VARIABLES

Identifier                                  Average   Half Width  Minimum    Maximum   Observations
___________________________________________________________________________________________________

Form Processing and Payment to Clerk1.VATi  9.0073     .02641     8.0001     9.9987       1557    
Form Checking and Plate Issuing by Clerk4.  2.9915     .00844     2.6510     3.3282       1554    
Form Checking and Plate Issuing by Clerk4.  .00000     .00000     .00000     .00000       1554    
Average Time Taken by a Customer            3.2113     .07600     2.6510     20.754       1553    
Form Processing and Payment to Clerk1.Wait  .00000     .00000     .00000     .00000       1557    
Form Checking and Plate Issuing by Clerk4.  2.9915     .00844     2.6510     3.3282       1554    
Form Processing and Payment to Clerk1.Tota  9.0073     .02641     8.0001     9.9987       1557    
Customer Type 1.VATime                      11.994     .06180     10.702     13.307        528    
Customer Type 1.NVATime                     .00000     .00000     .00000     .00000        528    
Customer Type 1.WaitTime                    14.217     (Corr)     .00000     51.590        528    
Customer Type 1.TranTime                    .00000     .00000     .00000     .00000        528    
Customer Type 1.OtherTime                   .00000     .00000     .00000     .00000        528    
Customer Type 1.TotalTime                   26.211     (Corr)     11.120     62.394        528    
Customer Type 3.VATime                      12.026     .05775     10.746     13.271        479    
Customer Type 3.NVATime                     .00000     .00000     .00000     .00000        479    
Customer Type 3.WaitTime                    14.227     3.0104     .00000     52.361        479    
Customer Type 3.TranTime                    .00000     .00000     .00000     .00000        479    
Customer Type 3.OtherTime                   .00000     .00000     .00000     .00000        479    
Customer Type 3.TotalTime                   26.253     3.0045     10.746     64.489        479    
Customer Type 2.VATime                      11.984     .06265     10.662     13.267        547    
Customer Type 2.NVATime                     .00000     .00000     .00000     .00000        547    
Customer Type 2.WaitTime                    14.103     (Corr)     .00000     48.454        547    
Customer Type 2.TranTime                    .00000     .00000     .00000     .00000        547    
Customer Type 2.OtherTime                   .00000     .00000     .00000     .00000        547    
Customer Type 2.TotalTime                   26.087     (Corr)     10.953     59.957        547    
Form Checking and Plate Issuing by Clerk4.  .00000     .00000     .00000     .00000       1555    
Queue 2.Queue.WaitingTime                   2.1106     .30593     .00000     8.0805       1555    
Queue 1.Queue.WaitingTime                   12.097     (Corr)     .00000     49.965       1560    
Form Processing and Payment to Clerk1.Queu  .00000     .00000     .00000     .00000       1560    

                                     DISCRETE-CHANGE VARIABLES

Identifier                                  Average   Half Width  Minimum    Maximum   Final Value
___________________________________________________________________________________________________

Customer Type 1.WIP                         2.8047     (Corr)     .00000     11.000     8.0000    
Customer Type 3.WIP                         2.5204     .35763     .00000     9.0000     2.0000    
Customer Type 2.WIP                         2.8615     .39706     .00000     10.000     2.0000    
Clerk 4.NumberBusy                          .93007     .02649     .00000     1.0000     1.0000    
Clerk 4.NumberScheduled                     1.0000     (Insuf)    1.0000     1.0000     1.0000    
Clerk 4.Utilization                         .93007     .02649     .00000     1.0000     1.0000    
Clerk 1.NumberBusy                          .95484     (Insuf)    .00000     1.0000     1.0000    
Clerk 1.NumberScheduled                     1.0000     (Insuf)    1.0000     1.0000     1.0000    
Clerk 1.Utilization                         .95484     (Insuf)    .00000     1.0000     1.0000    
Clerk 2.NumberBusy                          .94061     (Insuf)    .00000     1.0000     1.0000    
Clerk 2.NumberScheduled                     1.0000     (Insuf)    1.0000     1.0000     1.0000    
Clerk 2.Utilization                         .94061     (Insuf)    .00000     1.0000     1.0000    
Clerk 3.NumberBusy                          .91187     (Insuf)    .00000     1.0000     1.0000    
Clerk 3.NumberScheduled                     1.0000     (Insuf)    1.0000     1.0000     1.0000    
Clerk 3.Utilization                         .91187     (Insuf)    .00000     1.0000     1.0000    
Form Checking and Plate Issuing by Clerk4.  .00000     (Insuf)    .00000     .00000     .00000    
Queue 2.Queue.NumberInQueue                 .65760     .09507     .00000     3.0000     2.0000    
Queue 1.Queue.NumberInQueue                 3.7917     (Corr)     .00000     17.000     6.0000    
Form Processing and Payment to Clerk1.Queu  .00000     (Insuf)    .00000     .00000     .00000    

                                             OUTPUTS

Identifier                                   Value
_____________________________________________________________

Form Processing and Payment to Clerk1 Numb  1557.0    
Form Processing and Payment to Clerk1 Numb  1560.0    
Form Checking and Plate Issuing by Clerk4   4648.8    
Form Checking and Plate Issuing by Clerk4   .00000    
Form Processing and Payment to Clerk1 Accu  .00000    
Form Processing and Payment to Clerk1 Accu  14024.    
Form Checking and Plate Issuing by Clerk4   1555.0    
Form Checking and Plate Issuing by Clerk4   1554.0    
Customer Type 1.NumberIn                    536.00    
Customer Type 1.NumberOut                   528.00    
Customer Type 3.NumberIn                    481.00    
Customer Type 3.NumberOut                   479.00    
Customer Type 2.NumberIn                    549.00    
Customer Type 2.NumberOut                   547.00    
Clerk 4.NumberSeized                        1555.0    
Clerk 4.ScheduledUtilization                .93007    
Clerk 1.NumberSeized                        530.00    
Clerk 1.ScheduledUtilization                .95484    
Clerk 2.NumberSeized                        524.00    
Clerk 2.ScheduledUtilization                .94061    
Clerk 3.NumberSeized                        506.00    
Clerk 3.ScheduledUtilization                .91187    
System.NumberOut                            1554.0    

Beginning replication 4 of 5

                                      ARENA Simulation Results
                                  Shashank Sundi - License: STUDENT

                                  Summary for Replication 4 of 5

Project: License Plate Issuing                                       Run execution date : 2/ 1/2022
Analyst: Shashank Sundi                                              Model revision date: 2/ 1/2022

Replication ended at time      : 5000.0 Minutes (Friday, February 04, 2022, 22:49:06)
Base Time Units: Minutes

                                           TALLY VARIABLES

Identifier                                  Average   Half Width  Minimum    Maximum   Observations
___________________________________________________________________________________________________

Form Processing and Payment to Clerk1.VATi  8.9634     .02883     8.0003     9.9999       1518    
Form Checking and Plate Issuing by Clerk4.  2.9869     .00784     2.6502     3.3299       1517    
Form Checking and Plate Issuing by Clerk4.  .00000     .00000     .00000     .00000       1517    
Average Time Taken by a Customer            3.2889     .12401     2.6502     18.832       1516    
Form Processing and Payment to Clerk1.Wait  .00000     .00000     .00000     .00000       1518    
Form Checking and Plate Issuing by Clerk4.  2.9869     .00784     2.6502     3.3299       1517    
Form Processing and Payment to Clerk1.Tota  8.9634     .02883     8.0003     9.9999       1518    
Customer Type 1.VATime                      11.959     .04890     10.738     13.329        501    
Customer Type 1.NVATime                     .00000     .00000     .00000     .00000        501    
Customer Type 1.WaitTime                    13.545     (Corr)     .00000     48.104        501    
Customer Type 1.TranTime                    .00000     .00000     .00000     .00000        501    
Customer Type 1.OtherTime                   .00000     .00000     .00000     .00000        501    
Customer Type 1.TotalTime                   25.504     (Corr)     10.747     59.691        501    
Customer Type 3.VATime                      11.934     .04794     10.655     13.191        490    
Customer Type 3.NVATime                     .00000     .00000     .00000     .00000        490    
Customer Type 3.WaitTime                    12.854     3.5889     .00000     49.877        490    
Customer Type 3.TranTime                    .00000     .00000     .00000     .00000        490    
Customer Type 3.OtherTime                   .00000     .00000     .00000     .00000        490    
Customer Type 3.TotalTime                   24.788     3.5835     10.655     62.232        490    
Customer Type 2.VATime                      11.958     .05348     10.652     13.246        526    
Customer Type 2.NVATime                     .00000     .00000     .00000     .00000        526    
Customer Type 2.WaitTime                    12.562     (Corr)     .00000     45.788        526    
Customer Type 2.TranTime                    .00000     .00000     .00000     .00000        526    
Customer Type 2.OtherTime                   .00000     .00000     .00000     .00000        526    
Customer Type 2.TotalTime                   24.520     (Corr)     10.778     57.379        526    
Form Checking and Plate Issuing by Clerk4.  .00000     .00000     .00000     .00000       1518    
Queue 2.Queue.WaitingTime                   2.1400     .39757     .00000     9.5449       1518    
Queue 1.Queue.WaitingTime                   10.905     3.3091     .00000     46.452       1521    
Form Processing and Payment to Clerk1.Queu  .00000     .00000     .00000     .00000       1521    

                                     DISCRETE-CHANGE VARIABLES

Identifier                                  Average   Half Width  Minimum    Maximum   Final Value
___________________________________________________________________________________________________

Customer Type 1.WIP                         2.5925     .47218     .00000     11.000     9.0000    
Customer Type 3.WIP                         2.4479     (Corr)     .00000     12.000     3.0000    
Customer Type 2.WIP                         2.6047     (Corr)     .00000     9.0000     5.0000    
Clerk 4.NumberBusy                          .90651     .03092     .00000     1.0000     1.0000    
Clerk 4.NumberScheduled                     1.0000     (Insuf)    1.0000     1.0000     1.0000    
Clerk 4.Utilization                         .90651     .03092     .00000     1.0000     1.0000    
Clerk 1.NumberBusy                          .93665     (Insuf)    .00000     1.0000     1.0000    
Clerk 1.NumberScheduled                     1.0000     (Insuf)    1.0000     1.0000     1.0000    
Clerk 1.Utilization                         .93665     (Insuf)    .00000     1.0000     1.0000    
Clerk 2.NumberBusy                          .90685     (Insuf)    .00000     1.0000     1.0000    
Clerk 2.NumberScheduled                     1.0000     (Insuf)    1.0000     1.0000     1.0000    
Clerk 2.Utilization                         .90685     (Insuf)    .00000     1.0000     1.0000    
Clerk 3.NumberBusy                          .88175     (Insuf)    .00000     1.0000     1.0000    
Clerk 3.NumberScheduled                     1.0000     (Insuf)    1.0000     1.0000     1.0000    
Clerk 3.Utilization                         .88175     (Insuf)    .00000     1.0000     1.0000    
Form Checking and Plate Issuing by Clerk4.  .00000     (Insuf)    .00000     .00000     .00000    
Queue 2.Queue.NumberInQueue                 .64973     (Corr)     .00000     4.0000     .00000    
Queue 1.Queue.NumberInQueue                 3.3638     (Corr)     .00000     16.000     13.000    
Form Processing and Payment to Clerk1.Queu  .00000     (Insuf)    .00000     .00000     .00000    

                                             OUTPUTS

Identifier                                   Value
_____________________________________________________________

Form Processing and Payment to Clerk1 Numb  1518.0    
Form Processing and Payment to Clerk1 Numb  1521.0    
Form Checking and Plate Issuing by Clerk4   4531.2    
Form Checking and Plate Issuing by Clerk4   .00000    
Form Processing and Payment to Clerk1 Accu  .00000    
Form Processing and Payment to Clerk1 Accu  13606.    
Form Checking and Plate Issuing by Clerk4   1518.0    
Form Checking and Plate Issuing by Clerk4   1517.0    
Customer Type 1.NumberIn                    510.00    
Customer Type 1.NumberOut                   501.00    
Customer Type 3.NumberIn                    493.00    
Customer Type 3.NumberOut                   490.00    
Customer Type 2.NumberIn                    531.00    
Customer Type 2.NumberOut                   526.00    
Clerk 4.NumberSeized                        1518.0    
Clerk 4.ScheduledUtilization                .90651    
Clerk 1.NumberSeized                        522.00    
Clerk 1.ScheduledUtilization                .93665    
Clerk 2.NumberSeized                        506.00    
Clerk 2.ScheduledUtilization                .90685    
Clerk 3.NumberSeized                        493.00    
Clerk 3.ScheduledUtilization                .88175    
System.NumberOut                            1517.0    

Beginning replication 5 of 5

                                      ARENA Simulation Results
                                  Shashank Sundi - License: STUDENT

                                  Summary for Replication 5 of 5

Project: License Plate Issuing                                       Run execution date : 2/ 1/2022
Analyst: Shashank Sundi                                              Model revision date: 2/ 1/2022

Replication ended at time      : 5000.0 Minutes (Friday, February 04, 2022, 22:49:06)
Base Time Units: Minutes

                                           TALLY VARIABLES

Identifier                                  Average   Half Width  Minimum    Maximum   Observations
___________________________________________________________________________________________________

Form Processing and Payment to Clerk1.VATi  8.9932     .03457     8.0010     9.9983       1546    
Form Checking and Plate Issuing by Clerk4.  2.9897     .00990     2.6500     3.3297       1543    
Form Checking and Plate Issuing by Clerk4.  .00000     .00000     .00000     .00000       1543    
Average Time Taken by a Customer            3.2334     .09110     2.6500     17.849       1542    
Form Processing and Payment to Clerk1.Wait  .00000     .00000     .00000     .00000       1546    
Form Checking and Plate Issuing by Clerk4.  2.9897     .00990     2.6500     3.3297       1543    
Form Processing and Payment to Clerk1.Tota  8.9932     .03457     8.0010     9.9983       1546    
Customer Type 1.VATime                      11.982     (Corr)     10.762     13.298        526    
Customer Type 1.NVATime                     .00000     .00000     .00000     .00000        526    
Customer Type 1.WaitTime                    13.377     (Corr)     .00000     48.840        526    
Customer Type 1.TranTime                    .00000     .00000     .00000     .00000        526    
Customer Type 1.OtherTime                   .00000     .00000     .00000     .00000        526    
Customer Type 1.TotalTime                   25.359     (Corr)     11.220     60.801        526    
Customer Type 3.VATime                      11.962     .05569     10.754     13.299        505    
Customer Type 3.NVATime                     .00000     .00000     .00000     .00000        505    
Customer Type 3.WaitTime                    13.090     3.1574     .00000     48.409        505    
Customer Type 3.TranTime                    .00000     .00000     .00000     .00000        505    
Customer Type 3.OtherTime                   .00000     .00000     .00000     .00000        505    
Customer Type 3.TotalTime                   25.052     3.1622     10.822     60.911        505    
Customer Type 2.VATime                      12.003     .05457     10.773     13.307        512    
Customer Type 2.NVATime                     .00000     .00000     .00000     .00000        512    
Customer Type 2.WaitTime                    13.041     3.1873     .00000     54.261        512    
Customer Type 2.TranTime                    .00000     .00000     .00000     .00000        512    
Customer Type 2.OtherTime                   .00000     .00000     .00000     .00000        512    
Customer Type 2.TotalTime                   25.045     3.1764     10.989     66.811        512    
Form Checking and Plate Issuing by Clerk4.  .00000     .00000     .00000     .00000       1544    
Queue 2.Queue.WaitingTime                   2.2453     (Corr)     .00000     10.305       1544    
Queue 1.Queue.WaitingTime                   10.970     3.0714     .00000     51.278       1549    
Form Processing and Payment to Clerk1.Queu  .00000     .00000     .00000     .00000       1549    

                                     DISCRETE-CHANGE VARIABLES

Identifier                                  Average   Half Width  Minimum    Maximum   Final Value
___________________________________________________________________________________________________

Customer Type 1.WIP                         2.6845     .43138     .00000     11.000     4.0000    
Customer Type 3.WIP                         2.5567     .34086     .00000     9.0000     7.0000    
Customer Type 2.WIP                         2.5717     .41570     .00000     10.000     3.0000    
Clerk 4.NumberBusy                          .92300     .02487     .00000     1.0000     1.0000    
Clerk 4.NumberScheduled                     1.0000     (Insuf)    1.0000     1.0000     1.0000    
Clerk 4.Utilization                         .92300     .02487     .00000     1.0000     1.0000    
Clerk 1.NumberBusy                          .95292     (Insuf)    .00000     1.0000     1.0000    
Clerk 1.NumberScheduled                     1.0000     (Insuf)    1.0000     1.0000     1.0000    
Clerk 1.Utilization                         .95292     (Insuf)    .00000     1.0000     1.0000    
Clerk 2.NumberBusy                          .92823     (Insuf)    .00000     1.0000     1.0000    
Clerk 2.NumberScheduled                     1.0000     (Insuf)    1.0000     1.0000     1.0000    
Clerk 2.Utilization                         .92823     (Insuf)    .00000     1.0000     1.0000    
Clerk 3.NumberBusy                          .90118     (Insuf)    .00000     1.0000     1.0000    
Clerk 3.NumberScheduled                     1.0000     (Insuf)    1.0000     1.0000     1.0000    
Clerk 3.Utilization                         .90118     (Insuf)    .00000     1.0000     1.0000    
Form Checking and Plate Issuing by Clerk4.  .00000     (Insuf)    .00000     .00000     .00000    
Queue 2.Queue.NumberInQueue                 .69424     (Corr)     .00000     4.0000     2.0000    
Queue 1.Queue.NumberInQueue                 3.4134     .90296     .00000     17.000     8.0000    
Form Processing and Payment to Clerk1.Queu  .00000     (Insuf)    .00000     .00000     .00000    

                                             OUTPUTS

Identifier                                   Value
_____________________________________________________________

Form Processing and Payment to Clerk1 Numb  1546.0    
Form Processing and Payment to Clerk1 Numb  1549.0    
Form Checking and Plate Issuing by Clerk4   4613.1    
Form Checking and Plate Issuing by Clerk4   .00000    
Form Processing and Payment to Clerk1 Accu  .00000    
Form Processing and Payment to Clerk1 Accu  13903.    
Form Checking and Plate Issuing by Clerk4   1544.0    
Form Checking and Plate Issuing by Clerk4   1543.0    
Customer Type 1.NumberIn                    530.00    
Customer Type 1.NumberOut                   526.00    
Customer Type 3.NumberIn                    512.00    
Customer Type 3.NumberOut                   505.00    
Customer Type 2.NumberIn                    515.00    
Customer Type 2.NumberOut                   512.00    
Clerk 4.NumberSeized                        1544.0    
Clerk 4.ScheduledUtilization                .92300    
Clerk 1.NumberSeized                        532.00    
Clerk 1.ScheduledUtilization                .95292    
Clerk 2.NumberSeized                        517.00    
Clerk 2.ScheduledUtilization                .92823    
Clerk 3.NumberSeized                        500.00    
Clerk 3.ScheduledUtilization                .90118    
System.NumberOut                            1543.0    


                                      ARENA Simulation Results
                                  Shashank Sundi - License: STUDENT

                                  Output Summary for 5 Replications

Project: License Plate Issuing                                       Run execution date : 2/ 1/2022
Analyst: Shashank Sundi                                              Model revision date: 2/ 1/2022


                                             OUTPUTS

Identifier                                 Average    Half-width Minimum    Maximum # Replications
___________________________________________________________________________________________________

Form Processing and Payment to Clerk1 Numb  1530.6     35.120     1487.0     1557.0     5
Form Processing and Payment to Clerk1 Numb  1533.6     35.120     1490.0     1560.0     5
Form Checking and Plate Issuing by Clerk4   4566.0     110.85     4426.1     4648.8     5
Form Checking and Plate Issuing by Clerk4   .00000     .00000     .00000     .00000     5
Form Processing and Payment to Clerk1 Accu  .00000     .00000     .00000     .00000     5
Form Processing and Payment to Clerk1 Accu  13766.     311.22     13411.     14024.     5
Form Checking and Plate Issuing by Clerk4   1529.6     34.051     1487.0     1555.0     5
Form Checking and Plate Issuing by Clerk4   1528.6     34.051     1486.0     1554.0     5
Customer Type 1.NumberIn                    509.60     48.477     442.00     536.00     5
Customer Type 1.NumberOut                   504.80     47.219     440.00     529.00     5
Customer Type 3.NumberIn                    503.00     22.329     481.00     528.00     5
Customer Type 3.NumberOut                   498.80     20.557     479.00     523.00     5
Customer Type 2.NumberIn                    528.80     30.287     495.00     554.00     5
Customer Type 2.NumberOut                   525.00     30.320     491.00     549.00     5
Clerk 4.NumberSeized                        1529.6     34.051     1487.0     1555.0     5
Clerk 4.ScheduledUtilization                .91348     .02215     .88553     .93007     5
Clerk 1.NumberSeized                        525.20     9.6722     513.00     532.00     5
Clerk 1.ScheduledUtilization                .94421     .01508     .92660     .95484     5
Clerk 2.NumberSeized                        513.40     13.757     498.00     524.00     5
Clerk 2.ScheduledUtilization                .92105     .02330     .89614     .94061     5
Clerk 3.NumberSeized                        495.00     12.568     479.00     506.00     5
Clerk 3.ScheduledUtilization                .89060     .02351     .86287     .91187     5
System.NumberOut                            1528.6     34.051     1486.0     1554.0     5

Simulation run time: 0.30 minutes.
Simulation run complete.
