SIMAN Run Controller.

1.5849232 Hours>
                                      ARENA Simulation Results
                                  Shashank Sundi - License: STUDENT

                                  Summary for Replication 1 of 1

Project: Unnamed Project                                             Run execution date : 1/30/2022
Analyst: Shashank Sundi                                              Model revision date: 1/30/2022

Replication ended at time      : 1.5849232 Hours 
Base Time Units: Hours

                                           TALLY VARIABLES

Identifier                                  Average   Half Width  Minimum    Maximum   Observations
___________________________________________________________________________________________________

Average Time Taken by a Customer            .77765     (Insuf)    .19902     1.1949         10    
Customer Type 1.VATime                      .20153     (Insuf)    .19509     .21049          3    
Customer Type 1.NVATime                     .00000     (Insuf)    .00000     .00000          3    
Customer Type 1.WaitTime                    .63784     (Insuf)    .00000     .95915          3    
Customer Type 1.TranTime                    .00000     (Insuf)    .00000     .00000          3    
Customer Type 1.OtherTime                   .00000     (Insuf)    .00000     .00000          3    
Customer Type 1.TotalTime                   .83937     (Insuf)    .19902     1.1696          3    
Customer Type 3.VATime                      .19910     (Insuf)    .18629     .21398          5    
Customer Type 3.NVATime                     .00000     (Insuf)    .00000     .00000          5    
Customer Type 3.WaitTime                    .60751     (Insuf)    .28303     .98587          5    
Customer Type 3.TranTime                    .00000     (Insuf)    .00000     .00000          5    
Customer Type 3.OtherTime                   .00000     (Insuf)    .00000     .00000          5    
Customer Type 3.TotalTime                   .80661     (Insuf)    .47041     1.1949          5    
Customer Type 2.VATime                      .20012     (Insuf)    .19271     .20753          2    
Customer Type 2.NVATime                     .00000     (Insuf)    .00000     .00000          2    
Customer Type 2.WaitTime                    .41252     (Insuf)    .14531     .67973          2    
Customer Type 2.TranTime                    .00000     (Insuf)    .00000     .00000          2    
Customer Type 2.OtherTime                   .00000     (Insuf)    .00000     .00000          2    
Customer Type 2.TotalTime                   .61264     (Insuf)    .33802     .88726          2    
Form Checking and Plate Issuing by Clerk4.  .00000     (Insuf)    .00000     .00000         10    
Type1 Queue.Queue.WaitingTime               .44542     (Insuf)    .00000     .96951         13    
Form Processing and Payment to Clerk1.Queu  .25533     (Insuf)    .00000     .31952         11    

                                     DISCRETE-CHANGE VARIABLES

Identifier                                  Average   Half Width  Minimum    Maximum   Final Value
___________________________________________________________________________________________________

Customer Type 1.WIP                         4.6753     (Insuf)    .00000     10.000     9.0000    
Customer Type 3.WIP                         4.5042     (Insuf)    .00000     6.0000     5.0000    
Customer Type 2.WIP                         3.1325     (Insuf)    .00000     6.0000     6.0000    
Clerk 4.NumberBusy                          .33039     (Insuf)    .00000     1.0000     .00000    
Clerk 4.NumberScheduled                     1.0000     (Insuf)    1.0000     1.0000     1.0000    
Clerk 4.Utilization                         .33039     (Insuf)    .00000     1.0000     .00000    
Clerk 1.NumberBusy                          1.0000     (Insuf)    .00000     1.0000     1.0000    
Clerk 1.NumberScheduled                     1.0000     (Insuf)    1.0000     1.0000     1.0000    
Clerk 1.Utilization                         1.0000     (Insuf)    .00000     1.0000     1.0000    
Clerk 2.NumberBusy                          1.0000     (Insuf)    .00000     1.0000     1.0000    
Clerk 2.NumberScheduled                     1.0000     (Insuf)    1.0000     1.0000     1.0000    
Clerk 2.Utilization                         1.0000     (Insuf)    .00000     1.0000     1.0000    
Clerk 3.NumberBusy                          1.0000     (Insuf)    .00000     1.0000     1.0000    
Clerk 3.NumberScheduled                     1.0000     (Insuf)    1.0000     1.0000     1.0000    
Clerk 3.Utilization                         1.0000     (Insuf)    .00000     1.0000     1.0000    
Form Checking and Plate Issuing by Clerk4.  .00000     (Insuf)    .00000     .00000     .00000    
Type1 Queue.Queue.NumberInQueue             8.9818     (Insuf)    .00000     17.000     17.000    
Form Processing and Payment to Clerk1.Queu  2.0000     (Insuf)    .00000     2.0000     2.0000    

                                             OUTPUTS

Identifier                                   Value
_____________________________________________________________

Customer Type 1.NumberIn                    12.000    
Customer Type 1.NumberOut                   3.0000    
Customer Type 3.NumberIn                    10.000    
Customer Type 3.NumberOut                   5.0000    
Customer Type 2.NumberIn                    8.0000    
Customer Type 2.NumberOut                   2.0000    
Clerk 4.NumberSeized                        10.000    
Clerk 4.ScheduledUtilization                .33039    
Clerk 1.NumberSeized                        11.000    
Clerk 1.ScheduledUtilization                1.0000    
Clerk 2.NumberSeized                        11.000    
Clerk 2.ScheduledUtilization                1.0000    
Clerk 3.NumberSeized                        11.000    
Clerk 3.ScheduledUtilization                1.0000    
System.NumberOut                            10.000    


Simulation run time: 0.80 minutes.
Simulation run complete.
